<?xml version="1.0" encoding="UTF-8"?>
<testsuite xmlns:xsi="http://www.w3.org/2001/XMLSchema-instance" xsi:noNamespaceSchemaLocation="https://maven.apache.org/surefire/maven-surefire-plugin/xsd/surefire-test-report-3.0.xsd" version="3.0" name="com.insta.instadb.InstaDbApplicationTests" time="5.53" tests="1" errors="0" skipped="0" failures="0">
  <properties>
[...]
</properties>
  <testcase name="contextLoads" classname="com.insta.instadb.InstaDbApplicationTests" time="0.439">
    <system-out><![CDATA[11:12:46.617 [main] INFO org.springframework.test.context.support.AnnotationConfigContextLoaderUtils -- Could not detect default configuration classes for test class [com.insta.instadb.InstaDbApplicationTests]: InstaDbApplicationTests does not declare any static, non-private, non-final, nested classes annotated with @Configuration.
11:12:46.717 [main] INFO org.springframework.boot.test.context.SpringBootTestContextBootstrapper -- Found @SpringBootConfiguration com.insta.instadb.InstaDbApplication for test class com.insta.instadb.InstaDbApplicationTests

  .   ____          _            __ _ _
 /\\ / ___'_ __ _ _(_)_ __  __ _ \ \ \ \
( ( )\___ | '_ | '_| | '_ \/ _` | \ \ \ \
 \\/  ___)| |_)| | | | | || (_| |  ) ) ) )
  '  |____| .__|_| |_|_| |_\__, | / / / /
 =========|_|==============|___/=/_/_/_/
 :: Spring Boot ::                (v3.1.4)

2024-04-12T11:12:47.079+05:30  INFO 90166 --- [           main] c.insta.instadb.InstaDbApplicationTests  : Starting InstaDbApplicationTests using Java 17.0.10 with PID 90166 (started by divum in /home/divum/Documents/OLD THINGS/Old Data/Master-git2/social-media-platform/BACKEND_SPRING)
2024-04-12T11:12:47.080+05:30  INFO 90166 --- [           main] c.insta.instadb.InstaDbApplicationTests  : No active profile set, falling back to 1 default profile: "default"
2024-04-12T11:12:47.745+05:30  INFO 90166 --- [           main] .s.d.r.c.RepositoryConfigurationDelegate : Bootstrapping Spring Data JPA repositories in DEFAULT mode.
2024-04-12T11:12:47.827+05:30  INFO 90166 --- [           main] .s.d.r.c.RepositoryConfigurationDelegate : Finished Spring Data repository scanning in 75 ms. Found 9 JPA repository interfaces.
2024-04-12T11:12:48.297+05:30  INFO 90166 --- [           main] o.hibernate.jpa.internal.util.LogHelper  : HHH000204: Processing PersistenceUnitInfo [name: default]
2024-04-12T11:12:48.355+05:30  INFO 90166 --- [           main] org.hibernate.Version                    : HHH000412: Hibernate ORM core version 6.2.9.Final
2024-04-12T11:12:48.357+05:30  INFO 90166 --- [           main] org.hibernate.cfg.Environment            : HHH000406: Using bytecode reflection optimizer
2024-04-12T11:12:48.515+05:30  INFO 90166 --- [           main] o.h.b.i.BytecodeProviderInitiator        : HHH000021: Bytecode provider name : bytebuddy
2024-04-12T11:12:48.616+05:30  INFO 90166 --- [           main] o.s.o.j.p.SpringPersistenceUnitInfo      : No LoadTimeWeaver setup: ignoring JPA class transformer
2024-04-12T11:12:48.637+05:30  INFO 90166 --- [           main] com.zaxxer.hikari.HikariDataSource       : HikariPool-1 - Starting...
2024-04-12T11:12:48.976+05:30  INFO 90166 --- [           main] com.zaxxer.hikari.pool.HikariPool        : HikariPool-1 - Added connection org.postgresql.jdbc.PgConnection@62cd562d
2024-04-12T11:12:48.978+05:30  INFO 90166 --- [           main] com.zaxxer.hikari.HikariDataSource       : HikariPool-1 - Start completed.
2024-04-12T11:12:49.256+05:30  INFO 90166 --- [           main] o.h.b.i.BytecodeProviderInitiator        : HHH000021: Bytecode provider name : bytebuddy
2024-04-12T11:12:49.876+05:30  INFO 90166 --- [           main] o.h.e.t.j.p.i.JtaPlatformInitiator       : HHH000490: Using JtaPlatform implementation: [org.hibernate.engine.transaction.jta.platform.internal.NoJtaPlatform]
2024-04-12T11:12:50.087+05:30  INFO 90166 --- [           main] j.LocalContainerEntityManagerFactoryBean : Initialized JPA EntityManagerFactory for persistence unit 'default'
2024-04-12T11:12:50.863+05:30  WARN 90166 --- [           main] JpaBaseConfiguration$JpaWebConfiguration : spring.jpa.open-in-view is enabled by default. Therefore, database queries may be performed during view rendering. Explicitly configure spring.jpa.open-in-view to disable this warning
2024-04-12T11:12:50.982+05:30  INFO 90166 --- [           main] o.s.s.web.DefaultSecurityFilterChain     : Will secure any request with [org.springframework.security.web.session.DisableEncodeUrlFilter@1ece052b, org.springframework.security.web.context.request.async.WebAsyncManagerIntegrationFilter@20dc763b, org.springframework.security.web.context.SecurityContextHolderFilter@648f48d3, org.springframework.security.web.header.HeaderWriterFilter@3c2e73ce, org.springframework.web.filter.CorsFilter@4c81e7c2, org.springframework.security.web.authentication.logout.LogoutFilter@642b71d6, com.insta.instadb.filter.JwtAuthFilter@397bd46b, org.springframework.security.web.savedrequest.RequestCacheAwareFilter@41041c31, org.springframework.security.web.servletapi.SecurityContextHolderAwareRequestFilter@2a738d47, org.springframework.security.web.authentication.AnonymousAuthenticationFilter@4fe8e318, org.springframework.security.web.session.SessionManagementFilter@1f596988, org.springframework.security.web.access.ExceptionTranslationFilter@1e1d813a, org.springframework.security.web.access.intercept.AuthorizationFilter@7d086485]
2024-04-12T11:12:51.492+05:30  INFO 90166 --- [           main] c.insta.instadb.InstaDbApplicationTests  : Started InstaDbApplicationTests in 4.644 seconds (process running for 5.652)
]]></system-out>
  </testcase>
</testsuite>